102.01.31 16:21 B C:\danward\Danilo\people\Harriet Solit\Harriet WebSite V1.1\4\Am6.jpg --> web.tiscalinet.it /harriet/4 Am6.jpg
102.01.31 16:22 B C:\danward\Danilo\people\Harriet Solit\Harriet WebSite V1.1\4\BurningBush10.jpg --> web.tiscalinet.it /harriet/4 BurningBush10.jpg
102.01.31 16:23 B C:\danward\Danilo\people\Harriet Solit\Harriet WebSite V1.1\4\command8.jpg --> web.tiscalinet.it /harriet/4 command8.jpg
102.01.31 16:24 B C:\danward\Danilo\people\Harriet Solit\Harriet WebSite V1.1\4\day2.jpg --> web.tiscalinet.it /harriet/4 day2.jpg
102.01.31 16:26 B C:\danward\Danilo\people\Harriet Solit\Harriet WebSite V1.1\4\day3.jpg --> web.tiscalinet.it /harriet/4 day3.jpg
102.01.31 16:28 B C:\danward\Danilo\people\Harriet Solit\Harriet WebSite V1.1\4\day4.jpg --> web.tiscalinet.it /harriet/4 day4.jpg
102.01.31 16:29 B C:\danward\Danilo\people\Harriet Solit\Harriet WebSite V1.1\4\day5.jpg --> web.tiscalinet.it /harriet/4 day5.jpg
102.01.31 16:30 B C:\danward\Danilo\people\Harriet Solit\Harriet WebSite V1.1\4\HarSinai11.jpg --> web.tiscalinet.it /harriet/4 HarSinai11.jpg
102.01.31 16:31 B C:\danward\Danilo\people\Harriet Solit\Harriet WebSite V1.1\4\Israel1.jpg --> web.tiscalinet.it /harriet/4 Israel1.jpg
102.01.31 16:33 B C:\danward\Danilo\people\Harriet Solit\Harriet WebSite V1.1\4\Tapestry7.jpg --> web.tiscalinet.it /harriet/4 Tapestry7.jpg
102.01.31 16:34 B C:\danward\Danilo\people\Harriet Solit\Harriet WebSite V1.1\4\TempleSinai9.jpg --> web.tiscalinet.it /harriet/4 TempleSinai9.jpg
102.02.16 00:01 B D:\danward\Danilo\people\Harriet Solit\Harriet WebSite V1.1\4\Am6.jpg --> ftp.digiland.it /digilander/harrietsolit/4 Am6.jpg
102.02.16 00:01 B D:\danward\Danilo\people\Harriet Solit\Harriet WebSite V1.1\4\BurningBush10.jpg --> ftp.digiland.it /digilander/harrietsolit/4 BurningBush10.jpg
102.02.16 00:01 B D:\danward\Danilo\people\Harriet Solit\Harriet WebSite V1.1\4\command8.jpg --> ftp.digiland.it /digilander/harrietsolit/4 command8.jpg
102.02.16 00:02 B D:\danward\Danilo\people\Harriet Solit\Harriet WebSite V1.1\4\day2.jpg --> ftp.digiland.it /digilander/harrietsolit/4 day2.jpg
102.02.16 00:03 B D:\danward\Danilo\people\Harriet Solit\Harriet WebSite V1.1\4\day3.jpg --> ftp.digiland.it /digilander/harrietsolit/4 day3.jpg
102.02.16 00:04 B D:\danward\Danilo\people\Harriet Solit\Harriet WebSite V1.1\4\day4.jpg --> ftp.digiland.it /digilander/harrietsolit/4 day4.jpg
102.02.16 00:04 B D:\danward\Danilo\people\Harriet Solit\Harriet WebSite V1.1\4\day5.jpg --> ftp.digiland.it /digilander/harrietsolit/4 day5.jpg
102.02.16 00:05 B D:\danward\Danilo\people\Harriet Solit\Harriet WebSite V1.1\4\HarSinai11.jpg --> ftp.digiland.it /digilander/harrietsolit/4 HarSinai11.jpg
102.02.16 00:05 B D:\danward\Danilo\people\Harriet Solit\Harriet WebSite V1.1\4\Israel1.jpg --> ftp.digiland.it /digilander/harrietsolit/4 Israel1.jpg
102.02.16 00:06 B D:\danward\Danilo\people\Harriet Solit\Harriet WebSite V1.1\4\Tapestry7.jpg --> ftp.digiland.it /digilander/harrietsolit/4 Tapestry7.jpg
102.02.16 00:06 B D:\danward\Danilo\people\Harriet Solit\Harriet WebSite V1.1\4\TempleSinai9.jpg --> ftp.digiland.it /digilander/harrietsolit/4 TempleSinai9.jpg
