101.10.23 21:41 B C:\danward\Danilo\people\Harriet Solit\Harriet WebSite V1.1\1\abandoned.jpg --> web.tiscalinet.it /harriet/1 abandoned.jpg
101.10.23 21:41 B C:\danward\Danilo\people\Harriet Solit\Harriet WebSite V1.1\1\abstractautumn.jpg --> web.tiscalinet.it /harriet/1 abstractautumn.jpg
101.10.23 21:42 B C:\danward\Danilo\people\Harriet Solit\Harriet WebSite V1.1\1\baiap.jpg --> web.tiscalinet.it /harriet/1 baiap.jpg
101.10.23 21:43 B C:\danward\Danilo\people\Harriet Solit\Harriet WebSite V1.1\1\boatsvert.jpg --> web.tiscalinet.it /harriet/1 boatsvert.jpg
101.10.23 21:43 B C:\danward\Danilo\people\Harriet Solit\Harriet WebSite V1.1\1\chineselilies.jpg --> web.tiscalinet.it /harriet/1 chineselilies.jpg
101.10.23 21:43 B C:\danward\Danilo\people\Harriet Solit\Harriet WebSite V1.1\1\collage2.jpg --> web.tiscalinet.it /harriet/1 collage2.jpg
101.10.23 21:44 B C:\danward\Danilo\people\Harriet Solit\Harriet WebSite V1.1\1\colline.jpg --> web.tiscalinet.it /harriet/1 colline.jpg
101.10.23 21:44 B C:\danward\Danilo\people\Harriet Solit\Harriet WebSite V1.1\1\facades.jpg --> web.tiscalinet.it /harriet/1 facades.jpg
101.10.23 21:45 B C:\danward\Danilo\people\Harriet Solit\Harriet WebSite V1.1\1\favella.jpg --> web.tiscalinet.it /harriet/1 favella.jpg
101.10.23 21:45 B C:\danward\Danilo\people\Harriet Solit\Harriet WebSite V1.1\1\ficusplant.jpg --> web.tiscalinet.it /harriet/1 ficusplant.jpg
101.10.23 21:45 B C:\danward\Danilo\people\Harriet Solit\Harriet WebSite V1.1\1\hillside.jpg --> web.tiscalinet.it /harriet/1 hillside.jpg
101.10.23 21:46 B C:\danward\Danilo\people\Harriet Solit\Harriet WebSite V1.1\1\jaffa.jpg --> web.tiscalinet.it /harriet/1 jaffa.jpg
101.10.23 21:46 B C:\danward\Danilo\people\Harriet Solit\Harriet WebSite V1.1\1\japaneselanterns.jpg --> web.tiscalinet.it /harriet/1 japaneselanterns.jpg
101.10.23 21:46 B C:\danward\Danilo\people\Harriet Solit\Harriet WebSite V1.1\1\martiguesolio.jpg --> web.tiscalinet.it /harriet/1 martiguesolio.jpg
101.10.23 21:47 B C:\danward\Danilo\people\Harriet Solit\Harriet WebSite V1.1\1\pontevecchio1.jpg --> web.tiscalinet.it /harriet/1 pontevecchio1.jpg
101.10.23 21:47 B C:\danward\Danilo\people\Harriet Solit\Harriet WebSite V1.1\1\portofancy.jpg --> web.tiscalinet.it /harriet/1 portofancy.jpg
101.10.23 21:48 B C:\danward\Danilo\people\Harriet Solit\Harriet WebSite V1.1\1\portogrecovert.jpg --> web.tiscalinet.it /harriet/1 portogrecovert.jpg
101.10.23 21:48 B C:\danward\Danilo\people\Harriet Solit\Harriet WebSite V1.1\1\portughesepescatore.jpg --> web.tiscalinet.it /harriet/1 portughesepescatore.jpg
101.10.23 21:49 B C:\danward\Danilo\people\Harriet Solit\Harriet WebSite V1.1\1\sognovenezia.jpg --> web.tiscalinet.it /harriet/1 sognovenezia.jpg
101.10.23 21:50 B C:\danward\Danilo\people\Harriet Solit\Harriet WebSite V1.1\1\westend.jpg --> web.tiscalinet.it /harriet/1 westend.jpg
102.02.15 23:34 B D:\danward\Danilo\people\Harriet Solit\Harriet WebSite V1.1\1\abandoned.jpg --> ftp.digiland.it /digilander/harrietsolit/1 abandoned.jpg
102.02.15 23:34 B D:\danward\Danilo\people\Harriet Solit\Harriet WebSite V1.1\1\abstractautumn.jpg --> ftp.digiland.it /digilander/harrietsolit/1 abstractautumn.jpg
102.02.15 23:35 B D:\danward\Danilo\people\Harriet Solit\Harriet WebSite V1.1\1\baiap.jpg --> ftp.digiland.it /digilander/harrietsolit/1 baiap.jpg
102.02.15 23:36 B D:\danward\Danilo\people\Harriet Solit\Harriet WebSite V1.1\1\boatsvert.jpg --> ftp.digiland.it /digilander/harrietsolit/1 boatsvert.jpg
102.02.15 23:36 B D:\danward\Danilo\people\Harriet Solit\Harriet WebSite V1.1\1\chineselilies.jpg --> ftp.digiland.it /digilander/harrietsolit/1 chineselilies.jpg
102.02.15 23:36 B D:\danward\Danilo\people\Harriet Solit\Harriet WebSite V1.1\1\collage2.jpg --> ftp.digiland.it /digilander/harrietsolit/1 collage2.jpg
102.02.15 23:37 B D:\danward\Danilo\people\Harriet Solit\Harriet WebSite V1.1\1\colline.jpg --> ftp.digiland.it /digilander/harrietsolit/1 colline.jpg
102.02.15 23:37 B D:\danward\Danilo\people\Harriet Solit\Harriet WebSite V1.1\1\facades.jpg --> ftp.digiland.it /digilander/harrietsolit/1 facades.jpg
102.02.15 23:38 B D:\danward\Danilo\people\Harriet Solit\Harriet WebSite V1.1\1\favella.jpg --> ftp.digiland.it /digilander/harrietsolit/1 favella.jpg
102.02.15 23:38 B D:\danward\Danilo\people\Harriet Solit\Harriet WebSite V1.1\1\ficusplant.jpg --> ftp.digiland.it /digilander/harrietsolit/1 ficusplant.jpg
102.02.15 23:38 B D:\danward\Danilo\people\Harriet Solit\Harriet WebSite V1.1\1\hillside.jpg --> ftp.digiland.it /digilander/harrietsolit/1 hillside.jpg
102.02.15 23:39 B D:\danward\Danilo\people\Harriet Solit\Harriet WebSite V1.1\1\jaffa.jpg --> ftp.digiland.it /digilander/harrietsolit/1 jaffa.jpg
102.02.15 23:39 B D:\danward\Danilo\people\Harriet Solit\Harriet WebSite V1.1\1\japaneselanterns.jpg --> ftp.digiland.it /digilander/harrietsolit/1 japaneselanterns.jpg
102.02.15 23:39 B D:\danward\Danilo\people\Harriet Solit\Harriet WebSite V1.1\1\martiguesolio.jpg --> ftp.digiland.it /digilander/harrietsolit/1 martiguesolio.jpg
102.02.15 23:40 B D:\danward\Danilo\people\Harriet Solit\Harriet WebSite V1.1\1\pontevecchio1.jpg --> ftp.digiland.it /digilander/harrietsolit/1 pontevecchio1.jpg
102.02.15 23:40 B D:\danward\Danilo\people\Harriet Solit\Harriet WebSite V1.1\1\portofancy.jpg --> ftp.digiland.it /digilander/harrietsolit/1 portofancy.jpg
102.02.15 23:40 B D:\danward\Danilo\people\Harriet Solit\Harriet WebSite V1.1\1\portogrecovert.jpg --> ftp.digiland.it /digilander/harrietsolit/1 portogrecovert.jpg
102.02.15 23:41 B D:\danward\Danilo\people\Harriet Solit\Harriet WebSite V1.1\1\portughesepescatore.jpg --> ftp.digiland.it /digilander/harrietsolit/1 portughesepescatore.jpg
102.02.15 23:41 B D:\danward\Danilo\people\Harriet Solit\Harriet WebSite V1.1\1\sognovenezia.jpg --> ftp.digiland.it /digilander/harrietsolit/1 sognovenezia.jpg
102.02.15 23:41 B D:\danward\Danilo\people\Harriet Solit\Harriet WebSite V1.1\1\westend.jpg --> ftp.digiland.it /digilander/harrietsolit/1 westend.jpg
102.02.15 23:43 B D:\danward\Danilo\people\Harriet Solit\Harriet WebSite V1.1\1\westend.jpg --> ftp.digiland.it /digilander/harrietsolit/1 westend.jpg
