102.01.30 14:26 B C:\danward\Danilo\people\Harriet Solit\Harriet WebSite V1.1\3\Boston Harbor5.jpg --> web.tiscalinet.it /harriet/3 Boston Harbor5.jpg
102.01.30 14:27 B C:\danward\Danilo\people\Harriet Solit\Harriet WebSite V1.1\3\Boston2.jpg --> web.tiscalinet.it /harriet/3 Boston2.jpg
102.01.30 14:28 B C:\danward\Danilo\people\Harriet Solit\Harriet WebSite V1.1\3\Boston3.jpg --> web.tiscalinet.it /harriet/3 Boston3.jpg
102.01.30 14:29 B C:\danward\Danilo\people\Harriet Solit\Harriet WebSite V1.1\3\Boston6.jpg --> web.tiscalinet.it /harriet/3 Boston6.jpg
102.01.30 14:30 B C:\danward\Danilo\people\Harriet Solit\Harriet WebSite V1.1\3\Boston7.jpg --> web.tiscalinet.it /harriet/3 Boston7.jpg
102.01.30 14:31 B C:\danward\Danilo\people\Harriet Solit\Harriet WebSite V1.1\3\Boston9.jpg --> web.tiscalinet.it /harriet/3 Boston9.jpg
102.01.30 14:32 B C:\danward\Danilo\people\Harriet Solit\Harriet WebSite V1.1\3\Cambridge1.jpg --> web.tiscalinet.it /harriet/3 Cambridge1.jpg
102.01.30 14:33 B C:\danward\Danilo\people\Harriet Solit\Harriet WebSite V1.1\3\CharlesRiver4.jpg --> web.tiscalinet.it /harriet/3 CharlesRiver4.jpg
102.01.30 14:34 B C:\danward\Danilo\people\Harriet Solit\Harriet WebSite V1.1\3\Gloucester8.jpg --> web.tiscalinet.it /harriet/3 Gloucester8.jpg
102.01.30 14:35 B C:\danward\Danilo\people\Harriet Solit\Harriet WebSite V1.1\3\Massachusetts10.jpg --> web.tiscalinet.it /harriet/3 Massachusetts10.jpg
102.01.30 14:36 B C:\danward\Danilo\people\Harriet Solit\Harriet WebSite V1.1\3\NewHampshire12.jpg --> web.tiscalinet.it /harriet/3 NewHampshire12.jpg
102.01.30 14:37 B C:\danward\Danilo\people\Harriet Solit\Harriet WebSite V1.1\3\Rockport11.jpg --> web.tiscalinet.it /harriet/3 Rockport11.jpg
102.02.15 23:50 B D:\danward\Danilo\people\Harriet Solit\Harriet WebSite V1.1\3\Boston Harbor5.jpg --> ftp.digiland.it /digilander/harrietsolit/3 Boston Harbor5.jpg
102.02.15 23:51 B D:\danward\Danilo\people\Harriet Solit\Harriet WebSite V1.1\3\Boston2.jpg --> ftp.digiland.it /digilander/harrietsolit/3 Boston2.jpg
102.02.15 23:52 B D:\danward\Danilo\people\Harriet Solit\Harriet WebSite V1.1\3\Boston3.jpg --> ftp.digiland.it /digilander/harrietsolit/3 Boston3.jpg
102.02.15 23:53 B D:\danward\Danilo\people\Harriet Solit\Harriet WebSite V1.1\3\Boston6.jpg --> ftp.digiland.it /digilander/harrietsolit/3 Boston6.jpg
102.02.15 23:54 B D:\danward\Danilo\people\Harriet Solit\Harriet WebSite V1.1\3\Boston7.jpg --> ftp.digiland.it /digilander/harrietsolit/3 Boston7.jpg
102.02.15 23:55 B D:\danward\Danilo\people\Harriet Solit\Harriet WebSite V1.1\3\Boston9.jpg --> ftp.digiland.it /digilander/harrietsolit/3 Boston9.jpg
102.02.15 23:55 B D:\danward\Danilo\people\Harriet Solit\Harriet WebSite V1.1\3\Cambridge1.jpg --> ftp.digiland.it /digilander/harrietsolit/3 Cambridge1.jpg
102.02.15 23:56 B D:\danward\Danilo\people\Harriet Solit\Harriet WebSite V1.1\3\CharlesRiver4.jpg --> ftp.digiland.it /digilander/harrietsolit/3 CharlesRiver4.jpg
102.02.15 23:57 B D:\danward\Danilo\people\Harriet Solit\Harriet WebSite V1.1\3\Gloucester8.jpg --> ftp.digiland.it /digilander/harrietsolit/3 Gloucester8.jpg
102.02.15 23:58 B D:\danward\Danilo\people\Harriet Solit\Harriet WebSite V1.1\3\Massachusetts10.jpg --> ftp.digiland.it /digilander/harrietsolit/3 Massachusetts10.jpg
102.02.15 23:59 B D:\danward\Danilo\people\Harriet Solit\Harriet WebSite V1.1\3\NewHampshire12.jpg --> ftp.digiland.it /digilander/harrietsolit/3 NewHampshire12.jpg
102.02.16 00:00 B D:\danward\Danilo\people\Harriet Solit\Harriet WebSite V1.1\3\Rockport11.jpg --> ftp.digiland.it /digilander/harrietsolit/3 Rockport11.jpg
